 BAU35N06.16 127E35.81  560
 BAU*
 MND35N48.26 126E25.45   56
 MND*
BLGA36N08.35 127E18.19  308
BLGA*
BON236N32.89 127E47.89  367
BON2*
BUYB36N16.36 126E55.24   57
BUYB*
CDSA35N42.27 128E26.66   82
CDSA*
CE2A36N37.61 127E30.81  134
CE2A*
CGYA36N25.41 126E46.73    0
CGYA*
CHOA35N50.45 127E07.02  107
CHOA*
CHRB35N32.05 128E28.67   73
CHRB*
CIGB36N02.39 128E22.88   85
CIGB*
CJDB36N10.45 126E31.71   69
CJDB*
CLSA35N21.77 128E29.44   50
CLSA*
CPR236N13.27 127E58.31  297
CPR2*
DAYA35N18.62 126E58.37   44
DAYA*
DGHA35N50.11 127E34.27  359
DGHA*
DUSB35N53.65 127E46.39  694
DUSB*
EURB35N19.35 128E17.29   13
EURB*
GICA36N04.87 128E06.10  120
GICA*
GIJA35N47.80 126E54.12   16
GIJA*
GKSA35N13.82 127E13.51  182
GKSA*
GMNA34N58.99 127E53.68  134
GMNA*
GOCB35N20.91 126E35.89   45
GOCB*
GUMA36N14.08 128E17.41  102
GUMA*
GWYB34N56.60 127E41.48   76
GWYB*
HACA35N24.81 128E06.10  126
HACA*
HAMB35N30.69 127E44.74  188
HAMB*
HCNA35N33.91 128E10.20   79
HCNA*
HONA36N26.74 127E34.75  162
HONA*
HSJB36N34.01 127E16.82   86
HSJB*
HWSA36N26.47 127E56.65  321
HWSA*
IKSA36N03.55 127E03.71   86
IKSA*
IMSB35N36.74 127E17.12  238
IMSB*
JAGA35N19.18 126E48.64  122
JAGA*
JASA35N39.43 127E31.22  454
JASA*
JEU235N29.61 126E55.79  198
JEU2*
JGNA35N52.52 128E02.91  413
JGNA*
JINA35N09.85 128E02.41   73
JINA*
JLSA35N21.44 127E38.88  541
JLSA*
KCH235N36.84 127E55.13  442
KCH2*
KMSB36N06.35 127E28.90  218
KMSB*
KWJ235N09.59 126E59.47  263
KWJ2*
KWJU35N09.59 126E59.47  263
KWJU*
LIWA36N14.89 127E36.82  151
LIWA*
MALA35N44.67 127E20.86  304
MALA*
MNDB34N57.99 127E09.65  168
MNDB*
MSMB35N41.35 126E33.37   49
MSMB*
NACA35N57.03 126E35.46   51
NACA*
NAWB35N25.27 127E23.78  127
NAWB*
NOSA36N17.02 127E07.63  108
NOSA*
OKCB36N20.78 127E47.65  118
OKCB*
OSBA36N16.57 128E27.98  101
OSBA*
PHDA35N07.72 127E44.70  337
PHDA*
PUAA35N43.77 126E43.00   55
PUAA*
SACA35N24.79 127E52.73  181
SACA*
SAJB36N24.47 128E09.45  155
SAJB*
SCHA35N01.19 127E22.15  195
SCHA*
SECA36N08.52 126E45.11   56
SECA*
SEJA35N56.85 128E13.02   59
SEJA*
SENA35N32.31 126E44.54   31
SENA*
SMWA35N31.55 126E33.13   74
SMWA*
SUCA35N22.42 127E08.32   91
SUCA*
TAIA35N39.04 126E55.91   50
TAIA*
TEJ236N22.35 127E22.27  104
TEJ2*
WAJB35N56.27 127E17.59  185
WAJB*
WICA35N43.87 127E48.09  499
WICA*
YALB35N43.67 128E11.60  418
YALB*
YDGA36N05.55 127E47.66    0
YDGA*
YGAA35N51.19 128E21.94   80
YGAA*
YUGA36N32.44 126E56.84   95
YUGA*
