 *** Hypoellipse: Unix/Non-Xpick/Y2K version 3.9 11/1/2001  ***
  Configured for up to 1024 stations in station list
  and up to 1501 records per earthquake.
  Run on 23/09/03 at 10:59
 jump /home/neimby/hypoellipse/input/headopts.prm                                                              
 arrival-time record blank source fields will be assumed to be source "d"


                                          regional network processing parameters               

 input extra calibration curves.

 qspa( 9) -4.07-3.74-3.47-3.04-2.60-2.35-2.07-1.71-1.42-1.14-0.88-0.65-0.43-0.20 0.00 0.20 0.39 0.57 0.73 0.85
           0.94 1.02 1.11 1.19 1.29 1.38 1.46 1.54 1.62 1.68 1.69 1.67 1.54 1.39 1.09 0.86 0.56 0.23-0.34-0.66

 qspa(10) -1.13-0.90-0.73-0.40-0.06 0.08 0.27 0.53 0.72 0.90 1.06 1.19 1.32 1.45 1.56 1.68 1.80 1.91 2.00 2.08
           2.14 2.20 2.26 2.34 2.42 2.52 2.59 2.69 2.78 2.86 2.94 3.02 3.03 3.06 2.95 2.88 2.66 2.34 1.68 1.25

 qspa(11) -1.13-0.90-0.73-0.40-0.06 0.08 0.27 0.53 0.72 0.90 1.06 1.19 1.32 1.45 1.56 1.68 1.80 1.91 2.00 2.08
           2.14 2.19 2.26 2.33 2.42 2.51 2.58 2.67 2.75 2.83 2.89 2.95 2.94 2.95 2.83 2.80 2.69 2.57 2.20 2.08

 qspa(12) -2.44-2.22-2.04-1.71-1.37-1.23-1.04-0.78-0.59-0.41-0.25-0.12 0.01 0.14 0.25 0.37 0.48 0.60 0.69 0.77
           0.83 0.89 0.95 1.03 1.11 1.20 1.28 1.37 1.46 1.55 1.63 1.71 1.72 1.75 1.64 1.56 1.35 1.03 0.37-0.06

 qspa(13) -0.95-0.72-0.55-0.22 0.12 0.27 0.45 0.71 0.90 1.09 1.25 1.38 1.51 1.64 1.75 1.86 1.98 2.09 2.19 2.26
           2.32 2.38 2.44 2.52 2.60 2.69 2.76 2.85 2.94 3.01 3.07 3.13 3.12 3.13 3.02 2.98 2.88 2.76 2.38 2.26

 qspa(14)  0.00 0.00 0.00 0.00 0.00 0.00 0.00 0.00 0.00 0.00 0.00 0.29 0.43 0.56 0.68 0.79 0.89 0.98 1.07 1.14
           1.21 1.28 1.36 1.44 1.54 1.63 1.73 1.82 1.92 2.01 2.09 2.15 2.10 1.88 1.55 1.17 0.77 0.00 0.00 0.00
 select delays based on closest station.
 global minimum search turned on
 compress printed output.  code =  0

 ignore sum code =     0
 (ignore starting locations on summary records)
 do not scan for missing stations.  code =   1
 subroutine input1 found end of file on unit    12
 jump /home/neimby/hypoellipse/input/korea.prm                                                                 
 subroutine input1 found end of file on unit    12
 begin station list      1     19960101                                          
 jump to hypo.phase                                        


 detected end of file prior to final instruction record.
 check input data for completeness.
 jump back to main input stream.
                                              ----------------------------------------------------------------
                                              ----------------------------------------------------------------
                                              ----------------------------------------------------------------
 23/07/29    10:08            regional network processing parameters               
         -az/dp--step---se =az/dp==step===se -az/dp--step---se
         152/ 1 -.000 .236 242/ 3 -.001 .222  50/86 .0013 .618                                                                       

 horizontal and vertical single variable standard deviations (68% - one degree of freedom; max 99 km)
       seh =   0.12             seh =   0.13             sez =   0.33   quality = a
       az  =  -116.             az  =   -26.

 se of orig =   0.02; # of iterations =   6; dmax =       0.00; sequence number =      
 event type = " "; processing status = " "
 s minus p interval for closest station =       0.84

    date    origin      lat      long    depth    mag no d1 gap d  rms    avwt   se
 20230729 10 7 59.87 35n48.06 127e31.90   6.58       140  5  14 1 0.0994  1.00  0.10
                     35.8010  127.5317
    seh  sez q sqd  adj in nr   avr  aar nm avxm mdxm sdxm nf avfm mdfm sdfm   vpvs
    0.1  0.3 a a a 0.12 10140 -.000 .060  0            0.0  0            0.0  0.000

                      -- travel times and delays --
  stn c pha remk p p-sec s-sec resid  std-er   dist  azm ain    tc c vthk  ttob-ttcal-dlay-edly=resid rmk stn pha sources
 dgha z     IPD0 d 01.34       -0.02    0.10    5.2   43 142       1       1.47  1.49           -0.02    dgha            
 dgha z s   ESD1        02.18  -0.16    0.50             142       2       2.31  2.47           -0.16    dgha s  
 jasa z     IPU1 c 03.10        0.16    0.50   16.0  184 112       1       3.23  3.07            0.16    jasa            
 jasa z s   ESD2        06.13   1.17    1.00             112       2       6.26  5.10            1.17    jasa s  
 mala z     IPD0 d 03.26        0.03    0.10   17.8  249 110       1       3.39  3.37            0.03    mala            
 mala z s   ESU2        05.51   0.05    1.00             110       2       5.64  5.59            0.05    mala s  
 dusb z     IPD0 d 04.31       -0.00    0.10   24.1   65 105       1       4.44  4.44           -0.00    dusb            
 dusb z s   ESD1        07.24  -0.00    0.50             105       2       7.37  7.38           -0.00    dusb s  
 wica z     IPD0 d 04.60        0.04    0.10   25.6  108 104       1       4.73  4.70            0.04    wica            
 wica z s   ISD1        07.70   0.04    0.50             104       2       7.83  7.79            0.04    wica s  
 wajb z     IPU1 c 04.59       -0.10    0.50   26.4  305 104       1       4.72  4.82           -0.10    wajb            
 wajb z s   ISU1        07.73  -0.14    0.50             104       2       7.86  8.01           -0.14    wajb s  
 imsb z     IPD0 d 05.32       -0.08    0.10   30.6  227  66       1       5.45  5.54           -0.08    imsb            
 imsb z s   ESD2        08.91  -0.18    1.00             102       2       9.04  9.22           -0.18    imsb s  
 kmsb z     IPU0 c 05.87       -0.11    0.10   34.1  352  66       1       6.00  6.11           -0.11    kmsb            
 kmsb z s   ESD1        09.91  -0.20    0.50             101       2      10.04 10.25           -0.20    kmsb s  
 hamb z     IPU0 c 06.56        0.03    0.10   37.5  149  66       1       6.69  6.66            0.03    hamb            
 hamb z s   ESD1        11.06  -0.01    0.50              70       2      11.19 11.20           -0.01    hamb s  
 choa z     IPD0 d 06.54       -0.02    0.10   37.7  277  66       1       6.67  6.70           -0.02    choa            
 choa z s   ESD2        11.00  -0.13    1.00              70       2      11.13 11.26           -0.13    choa s  
 ydga z     IPD0 d 06.91       -0.04    0.10   40.1   36  66       1       7.04  7.08           -0.04    ydga            
 ydga z s   ESD2        11.55  -0.23    1.00              70       2      11.68 11.92           -0.23    ydga s  
 kch2 z     IPU0 c 07.13        0.08    0.10   40.7  121  66       1       7.26  7.18            0.08    kch2            
 kch2 z s   ESD1        11.76  -0.20    0.50              70       2      11.89 12.09           -0.20    kch2 s  
 blga z     IPU0 c 07.30       -0.09    0.10   42.8  331  66       1       7.43  7.52           -0.09    blga            
 blga z s   ESU1        12.36  -0.18    0.50              70       2      12.49 12.67           -0.18    blga s  
 nawb z     IPU0 c 07.54       -0.02    0.10   43.9  196  66       1       7.67  7.69           -0.02    nawb            
 nawb z s   ESU1        12.63  -0.21    0.50              70       2      12.76 12.97           -0.21    nawb s  
 jgna z     IPD0 d 08.13       -0.00    0.10   47.4   80  66       1       8.26  8.27           -0.00    jgna            
 jgna z s   ESU2        13.78  -0.03    1.00              70       2      13.91 13.95           -0.03    jgna s  
 liwa z     IPU1 c 08.52       -0.06    0.50   50.2    8  66       1       8.65  8.71           -0.06    liwa            
 liwa z s   ESD2        14.36  -0.21    1.00              70       2      14.49 14.71           -0.21    liwa s  
 jlsa z     IPU0 c 08.53       -0.08    0.10   50.3  168  66       1       8.66  8.74           -0.08    jlsa            
 jlsa z s   ESD3        14.65   0.03    2.00              70       2      14.78 14.76            0.03    jlsa s  
 iksa z     IPU1 c 08.71       -0.03    0.50   51.2  304  66       1       8.84  8.87           -0.03    iksa            
 iksa z s   ESD2        14.68  -0.17    1.00              70       2      14.81 14.99           -0.17    iksa s  
 saca z     IPU2 c 09.05       -0.04    1.00   53.3  144  66       1       9.18  9.22           -0.04    saca            
 saca z s   ESU1        15.90   0.46    0.50              70       2      16.03 15.58            0.46    saca s  
 taia z     IPD0 d 09.65       -0.00    0.10   56.8  253  66       1       9.78  9.78           -0.00    taia            
 taia z s   ESD2        16.35  -0.06    1.00              70       2      16.48 16.54           -0.06    taia s  
 gija z     IPD0 d 09.68        0.01    0.10   56.9  270  66       1       9.81  9.81            0.01    gija            
 gija z s   ESD1        16.36  -0.09    0.50              70       2      16.49 16.58           -0.09    gija s  
 suca z     IPD1 d 10.04       -0.02    0.50   59.3  217  66       1      10.17 10.19           -0.02    suca            
 suca z s   ESD1        17.22   0.11    0.50              70       2      17.35 17.24            0.11    suca s  
 gica z     IPD0 d 10.16       -0.03    0.10   60.1   59  66       1      10.29 10.32           -0.03    gica            
 gica z s   ESU1        17.19  -0.14    0.50              70       2      17.32 17.46           -0.14    gica s  
 yalb z     IPD1 d 10.27        0.04    0.50   60.4   98  66       1      10.40 10.37            0.04    yalb            
 yalb z s   ESD1        17.43   0.02    0.50              70       2      17.56 17.54            0.02    yalb s  
 cpr2 z     IPD1 d 10.36       -0.01    0.50   61.2   40  66       1      10.49 10.50           -0.01    cpr2            
 cpr2 z s   ESU2        17.34  -0.30    1.00              70       2      17.47 17.77           -0.30    cpr2 s  
 hcna z     IPD1 d 10.89        0.16    0.50   63.4  114  66       1      11.02 10.86            0.16    hcna            
 hcna z s   ESD1        18.32   0.07    0.50              70       2      18.45 18.39            0.07    hcna s  
 seja z     IPD0 d 10.85        0.03    0.10   64.0   75  66       1      10.98 10.95            0.03    seja            
 seja z s   ESU2        18.82   0.41    1.00              70       2      18.95 18.54            0.41    seja s  
 jeu2 z     IPD1 d 10.94        0.07    0.50   64.3  238  66       1      11.07 11.00            0.07    jeu2            
 jeu2 z s   ESD2        18.43  -0.06    1.00              70       2      18.56 18.63           -0.06    jeu2 s  
 nosa z     IPU0 c 10.93       -0.02    0.10   64.8  326  66       1      11.06 11.08           -0.02    nosa            
 nosa z s   ESU1        18.51  -0.12    0.50              70       2      18.64 18.76           -0.12    nosa s  
 okcb z     IPU0 c 10.92       -0.06    0.10   65.0   21  66       1      11.05 11.11           -0.06    okcb            
 okcb z s   ISD1        18.57  -0.11    0.50              70       2      18.70 18.81           -0.11    okcb s  
 tej2 z     IPU1 c 11.02        0.03    0.50   65.0  347  66       1      11.15 11.12            0.03    tej2            
 tej2 z s   ESU1        18.93   0.23    0.50              70       2      19.06 18.83            0.23    tej2 s  
 haca z     IPU0 c 11.36        0.02    0.10   67.2  130  66       1      11.49 11.47            0.02    haca            
 haca z s   ESD1        19.34   0.04    0.50              70       2      19.47 19.43            0.04    haca s  
 gksa z     IPU0 c 11.65       -0.01    0.10   69.1  204  66       1      11.78 11.79           -0.01    gksa            
 gksa z s   ESU2        19.81  -0.03    1.00              70       2      19.94 19.97           -0.03    gksa s  
 hona z     IPU1 c 11.99       -0.07    0.50   71.7    3  66       1      12.12 12.20           -0.07    hona            
 hona z s   ESU1        20.40  -0.13    0.50              70       2      20.53 20.67           -0.13    hona s  
 puaa z     IPD0 d 12.56        0.10    0.10   74.1  264  66       1      12.69 12.60            0.10    puaa            
 puaa z s   ESU2        21.42   0.20    1.00              70       2      21.55 21.35            0.20    puaa s  
 daya z     IPD0 d 12.52        0.02    0.10   74.4  223  66       1      12.65 12.63            0.02    daya            
 daya z s   ESU1        21.39   0.11    0.50              70       2      21.52 21.42            0.11    daya s  
 ygaa z     IPD0 d 12.82        0.12    0.10   75.6   85  66       1      12.95 12.83            0.12    ygaa            
 ygaa z s   ESD1        21.76   0.14    0.50              70       2      21.89 21.75            0.14    ygaa s  
 buyb z     IPU0 c 12.72       -0.04    0.10   76.0  314  66       1      12.85 12.89           -0.04    buyb            
 buyb z s   ESD1        21.74   0.01    0.50              70       2      21.87 21.86            0.01    buyb s  
 phda z     IPU0 c 12.87       -0.07    0.10   77.1  165  66       1      13.00 13.07           -0.07    phda            
 phda z s   ESU2        22.10   0.07    1.00              70       2      22.23 22.16            0.07    phda s  
 sena z     IPD0 d 13.03        0.07    0.10   77.2  248  66       1      13.16 13.09            0.07    sena            
 sena z s   ESU1        22.37   0.31    0.50              70       2      22.50 22.19            0.31    sena s  
  bau z     IPU0 c 13.07        0.03    0.10   77.7  176  66       1      13.20 13.17            0.03     bau            
  bau z s   ESU2        22.82   0.61    1.00              70       2      22.95 22.34            0.61     bau s  
 seca z     IPU0 c 13.37       -0.02    0.10   79.9  299  66       1      13.50 13.53           -0.02    seca            
 seca z s   ESU1        22.67  -0.14    0.50              70       2      22.80 22.94           -0.14    seca s  
 hwsa z     IPU0 c 13.45        0.01    0.10   80.2   27  66       1      13.58 13.57            0.01    hwsa            
 hwsa z s   ESD2        22.85  -0.04    1.00              70       2      22.98 23.02           -0.04    hwsa s  
 cigb z     IPD1 d 13.63        0.03    0.50   81.1   71  66       1      13.76 13.73            0.03    cigb            
 cigb z s   ESU1        23.11  -0.05    0.50              70       2      23.24 23.29           -0.05    cigb s  
 cdsa z     IPD0 d 13.92       -0.02    0.10   83.2   97  66       1      14.05 14.07           -0.02    cdsa            
 cdsa z s   ESU2        23.89   0.15    1.00              70       2      24.02 23.87            0.15    cdsa s  
 guma z     IPD0 d 14.01        0.01    0.10   83.6   55  66       1      14.14 14.13            0.01    guma            
 guma z s   ESD1        24.79   0.95    0.50              70       2      24.92 23.98            0.95    guma s  
 jina z     IPU0 c 13.99       -0.14    0.10   84.4  147  66       1      14.12 14.26           -0.14    jina            
 jina z s   ESU1        24.10   0.04    0.50              70       2      24.23 24.19            0.04    jina s  
 jaga z     IPD1 d 14.19        0.06    0.50   84.4  231  66       1      14.32 14.26            0.06    jaga            
 jaga z s   ESD1        23.92  -0.15    0.50              70       2      24.05 24.20           -0.15    jaga s  
 bon2 z     IPU0 c 14.53        0.09    0.10   86.3   16  66       1      14.66 14.57            0.09    bon2            
 bon2 z s   ESU2        24.70   0.11    1.00              70       2      24.83 24.72            0.11    bon2 s  
 kwj2 z     EPU1 c 14.47        0.02    0.50   86.4  215  66       1      14.60 14.59            0.02    kwj2            
 kwj2 z s   ESD1        24.65   0.03    0.50              70       2      24.78 24.75            0.03    kwj2 s  
 kwju z     EPD0 d 14.49        0.04    0.10   86.4  215  66       1      14.62 14.59            0.04    kwju            
 kwju z s   ESD1        24.65   0.03    0.50              70       2      24.78 24.75            0.03    kwju s  
 naca z     IPD1 d 14.51        0.03    0.50   86.6  281  66       1      14.64 14.61            0.03    naca            
 naca z s   ESD1        24.74   0.08    0.50              70       2      24.87 24.79            0.08    naca s  
 eurb z     IPU0 c 14.45       -0.05    0.10   86.7  128  66       1      14.58 14.64           -0.05    eurb            
 eurb z s   ESD2        24.65  -0.06    1.00              70       2      24.78 24.84           -0.06    eurb s  
 sajb z     EPD1 d 14.72        0.04    0.50   87.8   40  66       1      14.85 14.81            0.04    sajb            
 sajb z s   ESD2        24.89  -0.12    1.00              70       2      25.02 25.14           -0.12    sajb s  
 scha z     IPU1 c 14.79        0.09    0.50   87.9  190  66       1      14.92 14.83            0.09    scha            
 scha z s   ESU2        25.58   0.54    1.00              70       2      25.71 25.17            0.54    scha s  
 hsjb z     IPU0 c 14.75        0.05    0.10   87.9  345  66       1      14.88 14.83            0.05    hsjb            
 hsjb z s   ESU2        25.40   0.36    1.00              70       2      25.53 25.18            0.36    hsjb s  
 msmb z     IPD1 d 15.04        0.15    0.50   89.1  262  66       1      15.17 15.02            0.15    msmb            
 msmb z s   ESU2        25.95   0.58    1.00              70       2      26.08 25.50            0.58    msmb s  
 chrb z     IPD1 d 15.22        0.08    0.50   90.6  109  66       1      15.35 15.27            0.08    chrb            
 chrb z s   ESD2        25.88   0.09    1.00              70       2      26.01 25.93            0.09    chrb s  
 ce2a z     IPU1 c 15.33        0.03    0.50   91.7  359  66       1      15.46 15.44            0.03    ce2a            
 ce2a z s   ESD2        25.94  -0.13    1.00              70       2      26.07 26.21           -0.13    ce2a s  
 smwa z     IPD1 d 15.76        0.11    0.50   93.8  251  66       1      15.89 15.78            0.11    smwa            
 smwa z s   ESU2        27.17   0.50    1.00              70       2      27.30 26.80            0.50    smwa s  
 gwyb z     IPU0 c 16.08        0.03    0.10   96.3  171  66       1      16.21 16.18            0.03    gwyb            
 gwyb z s   ESU1        28.22   0.87    0.50              70       2      28.35 27.48            0.87    gwyb s  
 gmna z     IPU0 c 15.68       -0.41    0.10   96.5  160  66       1      15.81 16.23           -0.41    gmna            
 gmna z s   ESD1        27.63   0.20    0.50              70       2      27.76 27.56            0.20    gmna s  
 cgya z     IPU0 c 16.17        0.04    0.10   96.8  316  66       1      16.30 16.27            0.04    cgya            
 cgya z s   ESD2        27.50   0.01    1.00              70       2      27.63 27.63            0.01    cgya s  
 yuga z     IPU1 c 16.33        0.08    0.50   97.5  328  66       1      16.46 16.38            0.08    yuga            
 yuga z s   ESU2        27.57  -0.12    1.00              70       2      27.70 27.82           -0.12    yuga s  
 gocb z     IPD0 d 16.46        0.07    0.10   98.4  240  66       1      16.59 16.53            0.07    gocb            
 gocb z s   ESU1        27.88  -0.06    0.50              70       2      28.01 28.07           -0.06    gocb s  
 mndb z     IPU0 c 16.52        0.10    0.10   98.5  200  66       1      16.65 16.55            0.10    mndb            
 mndb z s   ESD1        27.90  -0.08    0.50              70       2      28.03 28.11           -0.08    mndb s  
 osba z     IPD0 d 16.57        0.02    0.10   99.4   58  66       1      16.70 16.69            0.02    osba            
 osba z s   ESU1        28.27   0.06    0.50              70       2      28.40 28.35            0.06    osba s  
 cjdb z     EPU1 c 16.76        0.19    0.50   99.5  295  66       1      16.89 16.71            0.19    cjdb            
 cjdb z s   ESU2        28.16  -0.09    1.00              70       2      28.29 28.38           -0.09    cjdb s  
 clsa z     IPU0 c 16.73        0.14    0.10   99.6  119  66       1      16.86 16.72            0.14    clsa            
 clsa z s   ESD1        28.37   0.10    0.50              70       2      28.50 28.41            0.10    clsa s  
  mnd z     EPD1 d 16.76        0.09    0.50  100.1  271  66       1      16.89 16.81            0.09     mnd            
  mnd z s   ESD2        28.65   0.23    1.00              70       2      28.78 28.55            0.23     mnd s  

                                     -- magnitude data --
  stn c source sys    c10   amx gr ink     amf    per   unit/mm  gnd mot u xmgc xmag  fmp fmag
1  date    origin    lat n    long w    depth    mag no gap dmin  rms
  230729 10 7 59.87 35-48.06 127-31.90   6.58   0.00140  14  5.2 0.10
                                                                                                                    
                                                       i                                                            
                                                                                                                    
                                                     *    *                                                         
                                                *              *                                                    
                                           *                        *                                               
                                                                                                                    
                                       *                                *                                           
                                                     c c b c                                                        
                                                  cc          cc                                                    
                                   *         c                    c         *                                       
                                           cc                                                                       
                                                                    ddd                                             
                                *       c                                      *                                    
                                        c                                                                           
                                                                                                                    
                              *      c                                   dd      *                                  
                                    c                                     d                                         
                                    c                                                                               
                                                                             d                                      
                            *   d                                           d      *                                
                                                                             d                                      
                                  d                                                                                 
                                                                             d                                      
                           *      d                                                 *                               
                                                                             d                                      
                           -     dd                    *                             -                              
                                                                                                                    
                           *      e                                          e      *                               
                                                                                                                    
                                                                                                                    
                                  d                                                                                 
                            *      d                                        d      *                                
                                   d                                       d                                        
                                              d                                                                     
                                 d   e                                    cc                                        
                              *                                                  *                                  
                                      d                                 cc                                          
                                       d                                    c                                       
                                *       d                                      *                                    
                                          d                         c                                               
                                           x                       b                                                
                                   *           c                            *                                       
                                                cc          cc c                                                    
                                                    c    c c                                                        
                                       *                                *                                           
                                                                                                                    
                                           *                        *                                               
                                                *              *                                                    
                                                     *    *                                                         
                                                                                                                    
                                                       i                                                            
                                                                                                                    
 depth may decrease by       0.36 or increase by       0.34 given a reading 
 standard error of    0.100 and rms limit of   0.100

 sound bell 
  completed reading input phase file
 average rms of all events =    0.09940
 average vp/vs ratio =       0.00 for    0 events.  standard deviation of ratio =       0.00

 ***** class/     a     b     c     d total *****

      number/   1.0   0.0   0.0   0.0   1.0

  percentage/ 100.0   0.0   0.0   0.0

   include only class d and better in the following statistics.

          ----------- p residuals --------------    ----------- s residuals -------------
           no event wting        event wting         no event wting        event wting
 station  n  wt  ave   sd     n   wt  ave   sd      n  wt   ave  sd     n   wt   ave  sd    station
    bauz   1 1.0 0.029 0.000   1136.0 0.029 0.000    1 0.0 0.614 0.000   1  1.4 0.614 0.000    bau
    mndz   1 0.0 0.087 0.000   1  5.4 0.087 0.000    1 0.0 0.234 0.000   1  1.4 0.234 0.000    mnd
   blgaz   1 1.0-0.086 0.000   1136.0-0.086 0.000    1 0.0-0.176 0.000   1  5.4-0.176 0.000   blga
   bon2z   1 1.0 0.094 0.000   1136.0 0.094 0.000    1 0.0 0.109 0.000   1  1.4 0.109 0.000   bon2
   buybz   1 1.0-0.041 0.000   1136.0-0.041 0.000    1 0.0 0.014 0.000   1  5.4 0.014 0.000   buyb
   cdsaz   1 1.0-0.019 0.000   1136.0-0.019 0.000    1 0.0 0.149 0.000   1  1.4 0.149 0.000   cdsa
   ce2az   1 0.0 0.028 0.000   1  5.4 0.028 0.000    1 0.0-0.133 0.000   1  1.4-0.133 0.000   ce2a
   cgyaz   1 1.0 0.037 0.000   1136.0 0.037 0.000    1 0.0 0.007 0.000   1  1.4 0.007 0.000   cgya
   choaz   1 1.0-0.024 0.000   1136.0-0.024 0.000    1 0.0-0.129 0.000   1  1.4-0.129 0.000   choa
   chrbz   1 0.0 0.082 0.000   1  5.4 0.082 0.000    1 0.0 0.088 0.000   1  1.4 0.088 0.000   chrb
   cigbz   1 0.0 0.032 0.000   1  5.4 0.032 0.000    1 0.0-0.049 0.000   1  5.4-0.049 0.000   cigb
   cjdbz   1 0.0 0.187 0.000   1  5.4 0.187 0.000    1 0.0-0.085 0.000   1  1.4-0.085 0.000   cjdb
   clsaz   1 1.0 0.141 0.000   1136.0 0.141 0.000    1 0.0 0.097 0.000   1  5.4 0.097 0.000   clsa
   cpr2z   1 0.0-0.011 0.000   1  5.4-0.011 0.000    1 0.0-0.299 0.000   1  1.4-0.299 0.000   cpr2
   dayaz   1 1.0 0.019 0.000   1136.0 0.019 0.000    1 0.0 0.107 0.000   1  5.4 0.107 0.000   daya
   dghaz   1 1.0-0.017 0.000   1136.0-0.017 0.000    1 0.0-0.160 0.000   1  5.4-0.160 0.000   dgha
   dusbz   1 1.0-0.001 0.000   1136.0-0.001 0.000    1 0.0-0.004 0.000   1  5.4-0.004 0.000   dusb
   eurbz   1 1.0-0.055 0.000   1136.0-0.055 0.000    1 0.0-0.059 0.000   1  1.4-0.059 0.000   eurb
   gicaz   1 1.0-0.028 0.000   1136.0-0.028 0.000    1 0.0-0.138 0.000   1  5.4-0.138 0.000   gica
   gijaz   1 1.0 0.007 0.000   1136.0 0.007 0.000    1 0.0-0.087 0.000   1  5.4-0.087 0.000   gija
   gksaz   1 1.0-0.005 0.000   1136.0-0.005 0.000    1 0.0-0.026 0.000   1  1.4-0.026 0.000   gksa
   gmnaz   1 1.0-0.415 0.000   1136.0-0.415 0.000    1 0.0 0.203 0.000   1  5.4 0.203 0.000   gmna
   gocbz   1 1.0 0.066 0.000   1136.0 0.066 0.000    1 0.0-0.060 0.000   1  5.4-0.060 0.000   gocb
   gumaz   1 1.0 0.011 0.000   1136.0 0.011 0.000    1 0.0 0.946 0.000   1  5.4 0.946 0.000   guma
   gwybz   1 1.0 0.032 0.000   1136.0 0.032 0.000    1 0.0 0.873 0.000   1  5.4 0.873 0.000   gwyb
   hacaz   1 1.0 0.021 0.000   1136.0 0.021 0.000    1 0.0 0.044 0.000   1  5.4 0.044 0.000   haca
   hambz   1 1.0 0.032 0.000   1136.0 0.032 0.000    1 0.0-0.008 0.000   1  5.4-0.008 0.000   hamb
   hcnaz   1 0.0 0.161 0.000   1  5.4 0.161 0.000    1 0.0 0.068 0.000   1  5.4 0.068 0.000   hcna
   honaz   1 0.0-0.072 0.000   1  5.4-0.072 0.000    1 0.0-0.132 0.000   1  5.4-0.132 0.000   hona
   hsjbz   1 1.0 0.050 0.000   1136.0 0.050 0.000    1 0.0 0.357 0.000   1  1.4 0.357 0.000   hsjb
   hwsaz   1 1.0 0.011 0.000   1136.0 0.011 0.000    1 0.0-0.037 0.000   1  1.4-0.037 0.000   hwsa
   iksaz   1 0.0-0.031 0.000   1  5.4-0.031 0.000    1 0.0-0.173 0.000   1  1.4-0.173 0.000   iksa
   imsbz   1 1.0-0.084 0.000   1136.0-0.084 0.000    1 0.0-0.179 0.000   1  1.4-0.179 0.000   imsb
   jagaz   1 0.0 0.062 0.000   1  5.4 0.062 0.000    1 0.0-0.145 0.000   1  5.4-0.145 0.000   jaga
   jasaz   1 0.0 0.162 0.000   1  5.4 0.162 0.000    1 0.0 1.165 0.000   1  1.4 1.165 0.000   jasa
   jeu2z   1 0.0 0.070 0.000   1  5.4 0.070 0.000    1 0.0-0.063 0.000   1  1.4-0.063 0.000   jeu2
   jgnaz   1 1.0-0.003 0.000   1136.0-0.003 0.000    1 0.0-0.034 0.000   1  1.4-0.034 0.000   jgna
   jinaz   1 1.0-0.135 0.000   1136.0-0.135 0.000    1 0.0 0.041 0.000   1  5.4 0.041 0.000   jina
   jlsaz   1 1.0-0.077 0.000   1136.0-0.077 0.000    1 0.0 0.027 0.000   1  0.3 0.027 0.000   jlsa
   kch2z   1 1.0 0.082 0.000   1136.0 0.082 0.000    1 0.0-0.197 0.000   1  5.4-0.197 0.000   kch2
   kmsbz   1 1.0-0.109 0.000   1136.0-0.109 0.000    1 0.0-0.203 0.000   1  5.4-0.203 0.000   kmsb
   kwj2z   1 0.0 0.018 0.000   1  5.4 0.018 0.000    1 0.0 0.031 0.000   1  5.4 0.031 0.000   kwj2
   kwjuz   1 1.0 0.038 0.000   1136.0 0.038 0.000    1 0.0 0.031 0.000   1  5.4 0.031 0.000   kwju
   liwaz   1 0.0-0.058 0.000   1  5.4-0.058 0.000    1 0.0-0.215 0.000   1  1.4-0.215 0.000   liwa
   malaz   1 1.0 0.026 0.000   1136.0 0.026 0.000    1 0.0 0.054 0.000   1  1.4 0.054 0.000   mala
   mndbz   1 1.0 0.104 0.000   1136.0 0.104 0.000    1 0.0-0.077 0.000   1  5.4-0.077 0.000   mndb
   msmbz   1 0.0 0.150 0.000   1  5.4 0.150 0.000    1 0.0 0.582 0.000   1  1.4 0.582 0.000   msmb
   nacaz   1 0.0 0.034 0.000   1  5.4 0.034 0.000    1 0.0 0.080 0.000   1  5.4 0.080 0.000   naca
   nawbz   1 1.0-0.021 0.000   1136.0-0.021 0.000    1 0.0-0.206 0.000   1  5.4-0.206 0.000   nawb
   nosaz   1 1.0-0.018 0.000   1136.0-0.018 0.000    1 0.0-0.117 0.000   1  5.4-0.117 0.000   nosa
   okcbz   1 1.0-0.058 0.000   1136.0-0.058 0.000    1 0.0-0.107 0.000   1  5.4-0.107 0.000   okcb
   osbaz   1 1.0 0.016 0.000   1136.0 0.016 0.000    1 0.0 0.057 0.000   1  5.4 0.057 0.000   osba
   phdaz   1 1.0-0.068 0.000   1136.0-0.068 0.000    1 0.0 0.070 0.000   1  1.4 0.070 0.000   phda
   puaaz   1 1.0 0.098 0.000   1136.0 0.098 0.000    1 0.0 0.204 0.000   1  1.4 0.204 0.000   puaa
   sacaz   1 0.0-0.037 0.000   1  1.4-0.037 0.000    1 0.0 0.456 0.000   1  5.4 0.456 0.000   saca
   sajbz   1 0.0 0.041 0.000   1  5.4 0.041 0.000    1 0.0-0.117 0.000   1  1.4-0.117 0.000   sajb
   schaz   1 0.0 0.094 0.000   1  5.4 0.094 0.000    1 0.0 0.544 0.000   1  1.4 0.544 0.000   scha
   secaz   1 1.0-0.023 0.000   1136.0-0.023 0.000    1 0.0-0.138 0.000   1  5.4-0.138 0.000   seca
   sejaz   1 1.0 0.031 0.000   1136.0 0.031 0.000    1 0.0 0.413 0.000   1  1.4 0.413 0.000   seja
   senaz   1 1.0 0.074 0.000   1136.0 0.074 0.000    1 0.0 0.310 0.000   1  5.4 0.310 0.000   sena
   smwaz   1 0.0 0.110 0.000   1  5.4 0.110 0.000    1 0.0 0.502 0.000   1  1.4 0.502 0.000   smwa
   sucaz   1 0.0-0.019 0.000   1  5.4-0.019 0.000    1 0.0 0.113 0.000   1  5.4 0.113 0.000   suca
   taiaz   1 1.0-0.000 0.000   1136.0-0.000 0.000    1 0.0-0.057 0.000   1  1.4-0.057 0.000   taia
   tej2z   1 0.0 0.031 0.000   1  5.4 0.031 0.000    1 0.0 0.232 0.000   1  5.4 0.232 0.000   tej2
   wajbz   1 0.0-0.101 0.000   1  5.4-0.101 0.000    1 0.0-0.145 0.000   1  5.4-0.145 0.000   wajb
   wicaz   1 1.0 0.038 0.000   1136.0 0.038 0.000    1 0.0 0.040 0.000   1  5.4 0.040 0.000   wica
   yalbz   1 0.0 0.035 0.000   1  5.4 0.035 0.000    1 0.0 0.023 0.000   1  5.4 0.023 0.000   yalb
   ydgaz   1 1.0-0.037 0.000   1136.0-0.037 0.000    1 0.0-0.235 0.000   1  1.4-0.235 0.000   ydga
   ygaaz   1 1.0 0.122 0.000   1136.0 0.122 0.000    1 0.0 0.140 0.000   1  5.4 0.140 0.000   ygaa
   yugaz   1 0.0 0.085 0.000   1  5.4 0.085 0.000    1 0.0-0.115 0.000   1  1.4-0.115 0.000   yuga

           s-p residuals        x-mag res       f-mag res
 station  n  wt  ave   sd     n  ave   sd     n  ave   sd
 irelo =            0  nreloc =            0
