 root name = /home/gyuu/home/jangsu/location/output_file/hypoel
 Fri Sep  8 11:45:24 2023
 global minimum search turned on
 subroutine input1 found end of file on unit    12
 subroutine input1 found end of file on unit    12
 constants print =     0
 Fri Sep  8 11:45:24 2023
 jump to hypo.phase                                        


 detected end of file prior to final instruction record.
 check input data for completeness.
 jump back to main input stream.
  completed reading input phase file
 average rms of all events =    0.09940
 average vp/vs ratio =       0.00 for    0 events.  standard deviation of ratio =       0.00

 ***** class/     a     b     c     d total *****

      number/   1.0   0.0   0.0   0.0   1.0

  percentage/ 100.0   0.0   0.0   0.0

   include only class d and better in the following statistics.

          ----------- p residuals --------------    ----------- s residuals -------------
           no event wting        event wting         no event wting        event wting
 station  n  wt  ave   sd     n   wt  ave   sd      n  wt   ave  sd     n   wt   ave  sd    station
    bauz   1 1.0 0.029 0.000   1136.0 0.029 0.000    1 0.0 0.614 0.000   1  1.4 0.614 0.000    bau
    mndz   1 0.0 0.087 0.000   1  5.4 0.087 0.000    1 0.0 0.234 0.000   1  1.4 0.234 0.000    mnd
   blgaz   1 1.0-0.086 0.000   1136.0-0.086 0.000    1 0.0-0.176 0.000   1  5.4-0.176 0.000   blga
   bon2z   1 1.0 0.094 0.000   1136.0 0.094 0.000    1 0.0 0.109 0.000   1  1.4 0.109 0.000   bon2
   buybz   1 1.0-0.041 0.000   1136.0-0.041 0.000    1 0.0 0.014 0.000   1  5.4 0.014 0.000   buyb
   cdsaz   1 1.0-0.019 0.000   1136.0-0.019 0.000    1 0.0 0.149 0.000   1  1.4 0.149 0.000   cdsa
   ce2az   1 0.0 0.028 0.000   1  5.4 0.028 0.000    1 0.0-0.133 0.000   1  1.4-0.133 0.000   ce2a
   cgyaz   1 1.0 0.037 0.000   1136.0 0.037 0.000    1 0.0 0.007 0.000   1  1.4 0.007 0.000   cgya
   choaz   1 1.0-0.024 0.000   1136.0-0.024 0.000    1 0.0-0.130 0.000   1  1.4-0.130 0.000   choa
   chrbz   1 0.0 0.082 0.000   1  5.4 0.082 0.000    1 0.0 0.088 0.000   1  1.4 0.088 0.000   chrb
   cigbz   1 0.0 0.032 0.000   1  5.4 0.032 0.000    1 0.0-0.049 0.000   1  5.4-0.049 0.000   cigb
   cjdbz   1 0.0 0.187 0.000   1  5.4 0.187 0.000    1 0.0-0.086 0.000   1  1.4-0.086 0.000   cjdb
   clsaz   1 1.0 0.141 0.000   1136.0 0.141 0.000    1 0.0 0.097 0.000   1  5.4 0.097 0.000   clsa
   cpr2z   1 0.0-0.011 0.000   1  5.4-0.011 0.000    1 0.0-0.300 0.000   1  1.4-0.300 0.000   cpr2
   dayaz   1 1.0 0.019 0.000   1136.0 0.019 0.000    1 0.0 0.107 0.000   1  5.4 0.107 0.000   daya
   dghaz   1 1.0-0.017 0.000   1136.0-0.017 0.000    1 0.0-0.160 0.000   1  5.4-0.160 0.000   dgha
   dusbz   1 1.0-0.001 0.000   1136.0-0.001 0.000    1 0.0-0.004 0.000   1  5.4-0.004 0.000   dusb
   eurbz   1 1.0-0.055 0.000   1136.0-0.055 0.000    1 0.0-0.059 0.000   1  1.4-0.059 0.000   eurb
   gicaz   1 1.0-0.028 0.000   1136.0-0.028 0.000    1 0.0-0.138 0.000   1  5.4-0.138 0.000   gica
   gijaz   1 1.0 0.007 0.000   1136.0 0.007 0.000    1 0.0-0.087 0.000   1  5.4-0.087 0.000   gija
   gksaz   1 1.0-0.005 0.000   1136.0-0.005 0.000    1 0.0-0.026 0.000   1  1.4-0.026 0.000   gksa
   gmnaz   1 1.0-0.415 0.000   1136.0-0.415 0.000    1 0.0 0.203 0.000   1  5.4 0.203 0.000   gmna
   gocbz   1 1.0 0.066 0.000   1136.0 0.066 0.000    1 0.0-0.060 0.000   1  5.4-0.060 0.000   gocb
   gumaz   1 1.0 0.011 0.000   1136.0 0.011 0.000    1 0.0 0.946 0.000   1  5.4 0.946 0.000   guma
   gwybz   1 1.0 0.032 0.000   1136.0 0.032 0.000    1 0.0 0.873 0.000   1  5.4 0.873 0.000   gwyb
   hacaz   1 1.0 0.021 0.000   1136.0 0.021 0.000    1 0.0 0.044 0.000   1  5.4 0.044 0.000   haca
   hambz   1 1.0 0.032 0.000   1136.0 0.032 0.000    1 0.0-0.008 0.000   1  5.4-0.008 0.000   hamb
   hcnaz   1 0.0 0.161 0.000   1  5.4 0.161 0.000    1 0.0 0.068 0.000   1  5.4 0.068 0.000   hcna
   honaz   1 0.0-0.072 0.000   1  5.4-0.072 0.000    1 0.0-0.132 0.000   1  5.4-0.132 0.000   hona
   hsjbz   1 1.0 0.050 0.000   1136.0 0.050 0.000    1 0.0 0.357 0.000   1  1.4 0.357 0.000   hsjb
   hwsaz   1 1.0 0.011 0.000   1136.0 0.011 0.000    1 0.0-0.037 0.000   1  1.4-0.037 0.000   hwsa
   iksaz   1 0.0-0.031 0.000   1  5.4-0.031 0.000    1 0.0-0.173 0.000   1  1.4-0.173 0.000   iksa
   imsbz   1 1.0-0.084 0.000   1136.0-0.084 0.000    1 0.0-0.179 0.000   1  1.4-0.179 0.000   imsb
   jagaz   1 0.0 0.062 0.000   1  5.4 0.062 0.000    1 0.0-0.145 0.000   1  5.4-0.145 0.000   jaga
   jasaz   1 0.0 0.162 0.000   1  5.4 0.162 0.000    1 0.0 1.165 0.000   1  1.4 1.165 0.000   jasa
   jeu2z   1 0.0 0.070 0.000   1  5.4 0.070 0.000    1 0.0-0.063 0.000   1  1.4-0.063 0.000   jeu2
   jgnaz   1 1.0-0.003 0.000   1136.0-0.003 0.000    1 0.0-0.034 0.000   1  1.4-0.034 0.000   jgna
   jinaz   1 1.0-0.135 0.000   1136.0-0.135 0.000    1 0.0 0.041 0.000   1  5.4 0.041 0.000   jina
   jlsaz   1 1.0-0.077 0.000   1136.0-0.077 0.000    1 0.0 0.027 0.000   1  0.3 0.027 0.000   jlsa
   kch2z   1 1.0 0.082 0.000   1136.0 0.082 0.000    1 0.0-0.197 0.000   1  5.4-0.197 0.000   kch2
   kmsbz   1 1.0-0.109 0.000   1136.0-0.109 0.000    1 0.0-0.203 0.000   1  5.4-0.203 0.000   kmsb
   kwj2z   1 0.0 0.018 0.000   1  5.4 0.018 0.000    1 0.0 0.031 0.000   1  5.4 0.031 0.000   kwj2
   kwjuz   1 1.0 0.038 0.000   1136.0 0.038 0.000    1 0.0 0.031 0.000   1  5.4 0.031 0.000   kwju
   liwaz   1 0.0-0.058 0.000   1  5.4-0.058 0.000    1 0.0-0.215 0.000   1  1.4-0.215 0.000   liwa
   malaz   1 1.0 0.026 0.000   1136.0 0.026 0.000    1 0.0 0.054 0.000   1  1.4 0.054 0.000   mala
   mndbz   1 1.0 0.104 0.000   1136.0 0.104 0.000    1 0.0-0.077 0.000   1  5.4-0.077 0.000   mndb
   msmbz   1 0.0 0.150 0.000   1  5.4 0.150 0.000    1 0.0 0.582 0.000   1  1.4 0.582 0.000   msmb
   nacaz   1 0.0 0.034 0.000   1  5.4 0.034 0.000    1 0.0 0.080 0.000   1  5.4 0.080 0.000   naca
   nawbz   1 1.0-0.021 0.000   1136.0-0.021 0.000    1 0.0-0.206 0.000   1  5.4-0.206 0.000   nawb
   nosaz   1 1.0-0.018 0.000   1136.0-0.018 0.000    1 0.0-0.117 0.000   1  5.4-0.117 0.000   nosa
   okcbz   1 1.0-0.057 0.000   1136.0-0.057 0.000    1 0.0-0.107 0.000   1  5.4-0.107 0.000   okcb
   osbaz   1 1.0 0.016 0.000   1136.0 0.016 0.000    1 0.0 0.057 0.000   1  5.4 0.057 0.000   osba
   phdaz   1 1.0-0.068 0.000   1136.0-0.068 0.000    1 0.0 0.070 0.000   1  1.4 0.070 0.000   phda
   puaaz   1 1.0 0.098 0.000   1136.0 0.098 0.000    1 0.0 0.204 0.000   1  1.4 0.204 0.000   puaa
   sacaz   1 0.0-0.037 0.000   1  1.4-0.037 0.000    1 0.0 0.456 0.000   1  5.4 0.456 0.000   saca
   sajbz   1 0.0 0.041 0.000   1  5.4 0.041 0.000    1 0.0-0.117 0.000   1  1.4-0.117 0.000   sajb
   schaz   1 0.0 0.093 0.000   1  5.4 0.093 0.000    1 0.0 0.543 0.000   1  1.4 0.543 0.000   scha
   secaz   1 1.0-0.023 0.000   1136.0-0.023 0.000    1 0.0-0.138 0.000   1  5.4-0.138 0.000   seca
   sejaz   1 1.0 0.031 0.000   1136.0 0.031 0.000    1 0.0 0.413 0.000   1  1.4 0.413 0.000   seja
   senaz   1 1.0 0.074 0.000   1136.0 0.074 0.000    1 0.0 0.310 0.000   1  5.4 0.310 0.000   sena
   smwaz   1 0.0 0.110 0.000   1  5.4 0.110 0.000    1 0.0 0.502 0.000   1  1.4 0.502 0.000   smwa
   sucaz   1 0.0-0.019 0.000   1  5.4-0.019 0.000    1 0.0 0.113 0.000   1  5.4 0.113 0.000   suca
   taiaz   1 1.0-0.000 0.000   1136.0-0.000 0.000    1 0.0-0.057 0.000   1  1.4-0.057 0.000   taia
   tej2z   1 0.0 0.030 0.000   1  5.4 0.030 0.000    1 0.0 0.232 0.000   1  5.4 0.232 0.000   tej2
   wajbz   1 0.0-0.101 0.000   1  5.4-0.101 0.000    1 0.0-0.145 0.000   1  5.4-0.145 0.000   wajb
   wicaz   1 1.0 0.038 0.000   1136.0 0.038 0.000    1 0.0 0.040 0.000   1  5.4 0.040 0.000   wica
   yalbz   1 0.0 0.035 0.000   1  5.4 0.035 0.000    1 0.0 0.023 0.000   1  5.4 0.023 0.000   yalb
   ydgaz   1 1.0-0.037 0.000   1136.0-0.037 0.000    1 0.0-0.235 0.000   1  1.4-0.235 0.000   ydga
   ygaaz   1 1.0 0.122 0.000   1136.0 0.122 0.000    1 0.0 0.140 0.000   1  5.4 0.140 0.000   ygaa
   yugaz   1 0.0 0.085 0.000   1  5.4 0.085 0.000    1 0.0-0.115 0.000   1  1.4-0.115 0.000   yuga

           s-p residuals        x-mag res       f-mag res
 station  n  wt  ave   sd     n  ave   sd     n  ave   sd
