 *** Hypoellipse: Unix/Non-Xpick/Y2K version 3.9 11/1/2001  ***
  Configured for up to 1024 stations in station list
  and up to 1501 records per earthquake.
  Run on 23/08/31 at 11:26
 jump /home/neimby/hypoellipse/input/headopts.prm                                                              
 arrival-time record blank source fields will be assumed to be source "d"


                                          regional network processing parameters               

 input extra calibration curves.

 qspa( 9) -4.07-3.74-3.47-3.04-2.60-2.35-2.07-1.71-1.42-1.14-0.88-0.65-0.43-0.20 0.00 0.20 0.39 0.57 0.73 0.85
           0.94 1.02 1.11 1.19 1.29 1.38 1.46 1.54 1.62 1.68 1.69 1.67 1.54 1.39 1.09 0.86 0.56 0.23-0.34-0.66

 qspa(10) -1.13-0.90-0.73-0.40-0.06 0.08 0.27 0.53 0.72 0.90 1.06 1.19 1.32 1.45 1.56 1.68 1.80 1.91 2.00 2.08
           2.14 2.20 2.26 2.34 2.42 2.52 2.59 2.69 2.78 2.86 2.94 3.02 3.03 3.06 2.95 2.88 2.66 2.34 1.68 1.25

 qspa(11) -1.13-0.90-0.73-0.40-0.06 0.08 0.27 0.53 0.72 0.90 1.06 1.19 1.32 1.45 1.56 1.68 1.80 1.91 2.00 2.08
           2.14 2.19 2.26 2.33 2.42 2.51 2.58 2.67 2.75 2.83 2.89 2.95 2.94 2.95 2.83 2.80 2.69 2.57 2.20 2.08

 qspa(12) -2.44-2.22-2.04-1.71-1.37-1.23-1.04-0.78-0.59-0.41-0.25-0.12 0.01 0.14 0.25 0.37 0.48 0.60 0.69 0.77
           0.83 0.89 0.95 1.03 1.11 1.20 1.28 1.37 1.46 1.55 1.63 1.71 1.72 1.75 1.64 1.56 1.35 1.03 0.37-0.06

 qspa(13) -0.95-0.72-0.55-0.22 0.12 0.27 0.45 0.71 0.90 1.09 1.25 1.38 1.51 1.64 1.75 1.86 1.98 2.09 2.19 2.26
           2.32 2.38 2.44 2.52 2.60 2.69 2.76 2.85 2.94 3.01 3.07 3.13 3.12 3.13 3.02 2.98 2.88 2.76 2.38 2.26

 qspa(14)  0.00 0.00 0.00 0.00 0.00 0.00 0.00 0.00 0.00 0.00 0.00 0.29 0.43 0.56 0.68 0.79 0.89 0.98 1.07 1.14
           1.21 1.28 1.36 1.44 1.54 1.63 1.73 1.82 1.92 2.01 2.09 2.15 2.10 1.88 1.55 1.17 0.77 0.00 0.00 0.00
 select delays based on closest station.
 global minimum search turned on
 compress printed output.  code =  0

 ignore sum code =     0
 (ignore starting locations on summary records)
 do not scan for missing stations.  code =   1
 subroutine input1 found end of file on unit    12
 jump /home/neimby/hypoellipse/input/korea.prm                                                                 
 subroutine input1 found end of file on unit    12
 begin station list      1     19960101                                          
 jump to hypo.phase                                        


 detected end of file prior to final instruction record.
 check input data for completeness.
 jump back to main input stream.
                                              ----------------------------------------------------------------
                                              ----------------------------------------------------------------
                                              ----------------------------------------------------------------
 23/07/29    10:08            regional network processing parameters               
         -az/dp--step---se =az/dp==step===se -az/dp--step---se
         229/ 1 .0011 .188 319/ 3 -.000 .222 117/87 -.024 .354                                                                       

 horizontal and vertical single variable standard deviations (68% - one degree of freedom; max 99 km)
       seh =   0.10             seh =   0.12             sez =   0.19   quality = a
       az  =  -131.             az  =   -41.

 se of orig =   0.02; # of iterations =   7; dmax =       0.00; sequence number =      
 event type = " "; processing status = " "
 s minus p interval for closest station =       0.83

    date    origin      lat      long    depth    mag no d1 gap d  rms    avwt   se
 20230729 10 7 59.80 35n48.24 127e31.89   7.08        34  5  40 1 0.1057  1.00  0.10
                     35.8041  127.5315
    seh  sez q sqd  adj in nr   avr  aar nm avxm mdxm sdxm nf avfm mdfm sdfm   vpvs
    0.1  0.2 a a a 0.10 10 34 -.000 .082  0            0.0  0            0.0  0.000

                      -- travel times and delays --
  stn c pha remk p p-sec s-sec resid  std-er   dist  azm ain    tc c vthk  ttob-ttcal-dlay-edly=resid rmk stn pha sources
 dgha z     IPU0 c 01.34        0.00    0.10    5.0   46 145       1       1.54  1.54            0.00    dgha            
 dgha z s   ISU0        02.17  -0.18    0.10             145       2       2.37  2.55           -0.18    dgha s  
 jasa z     IPU0 c 03.10        0.13    0.10   16.3  184 113       1       3.30  3.16            0.13    jasa            
 jasa z s   ISU0        05.25   0.20    0.10             113       2       5.45  5.25            0.20    jasa s  
 mala z     IPU0 c 03.22        0.00    0.10   17.9  248 112       1       3.42  3.41            0.00    mala            
 mala z s   ISU0        05.49   0.02    0.10             112       2       5.69  5.67            0.02    mala s  
 dusb z     IPU0 c 04.30        0.06    0.10   24.0   65  66       1       4.50  4.44            0.06    dusb            
 dusb z s   ISU0        07.28   0.09    0.10             106       2       7.48  7.38            0.09    dusb s  
 wajb z     IPU0 c 04.60        0.02    0.10   26.1  305  66       1       4.80  4.78            0.02    wajb            
 wajb z s   ISU0        07.69  -0.10    0.10             105       2       7.89  7.99           -0.10    wajb s  
 wica z     IPU0 c 04.60       -0.04    0.10   26.5   67  66       1       4.80  4.84           -0.04    wica            
 wica z s   ISU0        07.68  -0.21    0.10             105       2       7.88  8.09           -0.21    wica s  
 imsb z     IPU0 c 05.33       -0.00    0.10   30.8  226  66       1       5.53  5.53           -0.00    imsb            
 imsb z s   ISU0        08.93  -0.16    0.10              70       2       9.13  9.28           -0.16    imsb s  
 kmsb z     IPU0 c 05.86        0.04    0.10   33.8  352  66       1       6.06  6.02            0.04    kmsb            
 kmsb z s   ISU0        09.86  -0.06    0.10              70       2      10.06 10.12           -0.06    kmsb s  
 choa z     IPU0 c 06.53        0.08    0.10   37.7  276  66       1       6.73  6.65            0.08    choa            
 choa z s   ISU0        10.97  -0.02    0.10              70       2      11.17 11.19           -0.02    choa s  
 hamb z     IPU0 c 06.56        0.09    0.10   37.8  149  66       1       6.76  6.67            0.09    hamb            
 hamb z s   ISU0        11.04   0.01    0.10              70       2      11.24 11.23            0.01    hamb s  
 ydga z     IPU0 c 06.92        0.12    0.10   39.8   36  66       1       7.12  7.00            0.12    ydga            
 ydga z s   ISU0        11.56  -0.04    0.10              70       2      11.76 11.79           -0.04    ydga s  
 kch2 z     IPU0 c 07.14        0.03    0.10   41.7  120  66       1       7.34  7.31            0.03    kch2            
 kch2 z s   ISU0        11.91  -0.22    0.10              70       2      12.11 12.32           -0.22    kch2 s  
 blga z     IPU0 c 07.30        0.06    0.10   42.5  331  66       1       7.50  7.43            0.06    blga            
 blga z s   ISU0        12.32  -0.02    0.10              70       2      12.52 12.53           -0.02    blga s  
 nawb z     IPU0 c 07.54        0.03    0.10   44.2  196  66       1       7.74  7.71            0.03    nawb            
 nawb z s   ISU0        12.59  -0.21    0.10              70       2      12.79 13.00           -0.21    nawb s  
 jgna z     IPU0 c 08.13        0.11    0.10   47.4   80  66       1       8.33  8.22            0.11    jgna            
 jgna z s   ISU0        13.72   0.03    0.10              70       2      13.92 13.88            0.03    jgna s  
 liwa z     IPU0 c 08.53        0.11    0.10   49.8    9  66       1       8.73  8.62            0.11    liwa            
 liwa z s   ISU0        14.37   0.00    0.10              70       2      14.57 14.57            0.00    liwa s  
 jeu2 z     IPU0 c 10.95        0.15    0.10   64.5  238  66       1      11.15 11.00            0.15    jeu2            
 jeu2 z s   ISU0        18.31  -0.12    0.10              70       2      18.51 18.63           -0.12    jeu2 s  

                                     -- magnitude data --
  stn c source sys    c10   amx gr ink     amf    per   unit/mm  gnd mot u xmgc xmag  fmp fmag
1  date    origin    lat n    long w    depth    mag no gap dmin  rms
  230729 10 7 59.80 35-48.24 127-31.89   7.08   0.00 34  40  5.0 0.11
                                                                                                                    
                                                       i                                                            
                                                                                                                    
                                                     *    *                                                         
                                                *              *                                                    
                                           *                        *                                               
                                                                                                                    
                                       *                                *                                           
                                                     c   c c                                                        
                                                                                                                    
                                   *         c                              *                                       
                                                                                                                    
                                                                    c                                               
                                *                                              *                                    
                                                                                                                    
                                                                                                                    
                              *      c                                           *                                  
                                                                                                                    
                                                                                                                    
                                                                           ccc                                      
                            *                                                      *                                
                                                                                                                    
                                                                                                                    
                                                                             c                                      
                           *      c                                                 *                               
                                                                                                                    
                           -                           *                             -                              
                                                                                                                    
                           *                                                        *                               
                                                                                                                    
                                                                                                                    
                                                                                                                    
                            *                                                      *                                
                                               c                                                                    
                                                                                                                    
                                     c                                    c                                         
                              *                                                  *                                  
                                                                                                                    
                                        c                                                                           
                                *                                              *                                    
                                                                                                                    
                                                                   c                                                
                                   *                                        *                                       
                                                 c                                                                  
                                                                                                                    
                                       *                                *                                           
                                                                                                                    
                                           *                        *                                               
                                                *              *                                                    
                                                     *    *                                                         
                                                                                                                    
                                                       i                                                            
                                                                                                                    
 depth may decrease by       0.21 or increase by       0.29 given a reading 
 standard error of    0.100 and rms limit of   0.107

 sound bell 
  completed reading input phase file
 average rms of all events =    0.10572
 average vp/vs ratio =       0.00 for    0 events.  standard deviation of ratio =       0.00

 ***** class/     a     b     c     d total *****

      number/   1.0   0.0   0.0   0.0   1.0

  percentage/ 100.0   0.0   0.0   0.0

   include only class d and better in the following statistics.

          ----------- p residuals --------------    ----------- s residuals -------------
           no event wting        event wting         no event wting        event wting
 station  n  wt  ave   sd     n   wt  ave   sd      n  wt   ave  sd     n   wt   ave  sd    station
   blgaz   1 1.0 0.064 0.000   1 30.0 0.064 0.000    1 1.0-0.016 0.000   1 30.0-0.016 0.000   blga
   choaz   1 1.0 0.080 0.000   1 30.0 0.080 0.000    1 1.0-0.024 0.000   1 30.0-0.024 0.000   choa
   dghaz   1 1.0 0.001 0.000   1 30.0 0.001 0.000    1 1.0-0.184 0.000   1 30.0-0.184 0.000   dgha
   dusbz   1 1.0 0.061 0.000   1 30.0 0.061 0.000    1 1.0 0.095 0.000   1 30.0 0.095 0.000   dusb
   hambz   1 1.0 0.089 0.000   1 30.0 0.089 0.000    1 1.0 0.012 0.000   1 30.0 0.012 0.000   hamb
   imsbz   1 1.0-0.005 0.000   1 30.0-0.005 0.000    1 1.0-0.156 0.000   1 30.0-0.156 0.000   imsb
   jasaz   1 1.0 0.134 0.000   1 30.0 0.134 0.000    1 1.0 0.196 0.000   1 30.0 0.196 0.000   jasa
   jeu2z   1 1.0 0.151 0.000   1 30.0 0.151 0.000    1 1.0-0.120 0.000   1 30.0-0.120 0.000   jeu2
   jgnaz   1 1.0 0.105 0.000   1 30.0 0.105 0.000    1 1.0 0.034 0.000   1 30.0 0.034 0.000   jgna
   kch2z   1 1.0 0.027 0.000   1 30.0 0.027 0.000    1 1.0-0.216 0.000   1 30.0-0.216 0.000   kch2
   kmsbz   1 1.0 0.038 0.000   1 30.0 0.038 0.000    1 1.0-0.059 0.000   1 30.0-0.059 0.000   kmsb
   liwaz   1 1.0 0.107 0.000   1 30.0 0.107 0.000    1 1.0 0.003 0.000   1 30.0 0.003 0.000   liwa
   malaz   1 1.0 0.004 0.000   1 30.0 0.004 0.000    1 1.0 0.020 0.000   1 30.0 0.020 0.000   mala
   nawbz   1 1.0 0.031 0.000   1 30.0 0.031 0.000    1 1.0-0.214 0.000   1 30.0-0.214 0.000   nawb
   wajbz   1 1.0 0.016 0.000   1 30.0 0.016 0.000    1 1.0-0.099 0.000   1 30.0-0.099 0.000   wajb
   wicaz   1 1.0-0.044 0.000   1 30.0-0.044 0.000    1 1.0-0.214 0.000   1 30.0-0.214 0.000   wica
   ydgaz   1 1.0 0.118 0.000   1 30.0 0.118 0.000    1 1.0-0.036 0.000   1 30.0-0.036 0.000   ydga

           s-p residuals        x-mag res       f-mag res
 station  n  wt  ave   sd     n  ave   sd     n  ave   sd
 irelo =            0  nreloc =            0
